
Showing logs for build [32mcb-kubecd-environment-pr-206-62-99z7b-1[0m stage [32mfrom-build-pack[0m and container [32mstep-credential-initializer-lhss7[0m
{"level":"info","ts":1587588857.2686274,"logger":"fallback-logger","caller":"logging/config.go:69","msg":"Fetch GitHub commit ID from kodata failed: open /var/run/ko/refs/heads/0.8.0-ns-support: no such file or directory"}
{"level":"info","ts":1587588857.2723053,"logger":"fallback-logger","caller":"creds-init/main.go:40","msg":"Credentials initialized."}

Showing logs for build [32mcb-kubecd-environment-pr-206-62-99z7b-1[0m stage [32mfrom-build-pack[0m and container [32mstep-working-dir-initializer-9ff4v[0m
{"level":"info","ts":1587588858.4061716,"logger":"fallback-logger","caller":"logging/config.go:69","msg":"Fetch GitHub commit ID from kodata failed: open /var/run/ko/HEAD: no such file or directory"}
{"level":"info","ts":1587588858.408,"logger":"fallback-logger","caller":"bash/main.go:64","msg":"Successfully executed command \"sh -c mkdir -p /workspace/source\"; output "}

Showing logs for build [32mcb-kubecd-environment-pr-206-62-99z7b-1[0m stage [32mfrom-build-pack[0m and container [32mstep-place-tools[0m

Showing logs for build [32mcb-kubecd-environment-pr-206-62-99z7b-1[0m stage [32mfrom-build-pack[0m and container [32mstep-git-source-cb-kubecd-environment-pr-206-62-99z7b-m8pts[0m
{"level":"info","ts":1587588864.8417974,"logger":"fallback-logger","caller":"logging/config.go:69","msg":"Fetch GitHub commit ID from kodata failed: open /var/run/ko/refs/heads/0.8.0-ns-support: no such file or directory"}
{"level":"info","ts":1587588865.9962423,"logger":"fallback-logger","caller":"git/git.go:103","msg":"Successfully cloned https://github.com/cb-kubecd/environment-pr-206-62-boot-gke-staging.git @ master in path /workspace/source"}

Showing logs for build [32mcb-kubecd-environment-pr-206-62-99z7b-1[0m stage [32mfrom-build-pack[0m and container [32mstep-git-merge[0m
Using SHAs from PULL_REFS=master:c6ea7f55ff2532ff0ce4c8e29d09bb663702ded8,2:591326c8a5907444c2e2ef06c007f307904d5f58
DEBUG: LC_ALL=C JX_LOG_LEVEL=error git fetch origin --unshallow 591326c8a5907444c2e2ef06c007f307904d5f58: c6ea7f55ff2532ff0ce4c8e29d09bb663702ded8:
DEBUG: ran git fetch --unshallow origin 591326c8a5907444c2e2ef06c007f307904d5f58: c6ea7f55ff2532ff0ce4c8e29d09bb663702ded8: in 
DEBUG: LC_ALL=C JX_LOG_LEVEL=error git branch
DEBUG: LC_ALL=C JX_LOG_LEVEL=error git checkout master
DEBUG: ran git checkout master in 
DEBUG: LC_ALL=C JX_LOG_LEVEL=error git reset --hard c6ea7f55ff2532ff0ce4c8e29d09bb663702ded8
DEBUG: ran git reset --hard c6ea7f55ff2532ff0ce4c8e29d09bb663702ded8 in 
DEBUG: LC_ALL=C JX_LOG_LEVEL=error git clean -fd .
DEBUG: ran clean --force -d . in 
DEBUG: JX_LOG_LEVEL=error LC_ALL=C git merge 591326c8a5907444c2e2ef06c007f307904d5f58
DEBUG: ran git merge 591326c8a5907444c2e2ef06c007f307904d5f58 in 
DEBUG: JX_LOG_LEVEL=error LC_ALL=C git log --format=%H%x1f%an%x1f%ae%x1f%cn%x1f%ce%x1f%s%n%b%x1e c6ea7f55ff2532ff0ce4c8e29d09bb663702ded8..HEAD
Merged SHA 591326c8a5907444c2e2ef06c007f307904d5f58 with commit message 'chore: Promote bdd-gh-1587588560 to version 0.0.1' into base branch master

Showing logs for build [32mcb-kubecd-environment-pr-206-62-99z7b-1[0m stage [32mfrom-build-pack[0m and container [32mstep-build-helm-build[0m
WARNING: No $CHART_REPOSITORY defined so using the default value of: http://jenkins-x-chartmuseum:8080
Adding missing Helm repo: storage.googleapis.com https://storage.googleapis.com/chartmuseum.jenkins-x.io
WARNING: No secrets found on "helm/repos" due: reading the secret "helm/repos" from vault: no secret "helm/repos" not found in vault
Read credentials for https://storage.googleapis.com/chartmuseum.jenkins-x.io from vault helm/repos
Successfully added Helm repository storage.googleapis.com.
Adding missing Helm repo: jenkins-x-chartmuseum http://jenkins-x-chartmuseum:8080
WARNING: No secrets found on "helm/repos" due: reading the secret "helm/repos" from vault: no secret "helm/repos" not found in vault
Read credentials for http://jenkins-x-chartmuseum:8080 from vault helm/repos
Successfully added Helm repository jenkins-x-chartmuseum.
WARNING: No $CHART_REPOSITORY defined so using the default value of: http://jenkins-x-chartmuseum:8080
Adding missing Helm repo: chartmuseum.jenkins-x.io http://chartmuseum.jenkins-x.io
WARNING: No secrets found on "helm/repos" due: reading the secret "helm/repos" from vault: no secret "helm/repos" not found in vault
Read credentials for http://chartmuseum.jenkins-x.io from vault helm/repos
Successfully added Helm repository chartmuseum.jenkins-x.io.
