
Showing logs for build [32mcb-kubecd-environment-pr-206-62-8b4gt-1[0m stage [32mfrom-build-pack[0m and container [32mstep-credential-initializer-rvx7r[0m
{"level":"info","ts":1587589577.0801718,"logger":"fallback-logger","caller":"logging/config.go:69","msg":"Fetch GitHub commit ID from kodata failed: open /var/run/ko/refs/heads/0.8.0-ns-support: no such file or directory"}
{"level":"info","ts":1587589577.080824,"logger":"fallback-logger","caller":"creds-init/main.go:40","msg":"Credentials initialized."}

Showing logs for build [32mcb-kubecd-environment-pr-206-62-8b4gt-1[0m stage [32mfrom-build-pack[0m and container [32mstep-working-dir-initializer-m5vqp[0m
{"level":"info","ts":1587589577.5499852,"logger":"fallback-logger","caller":"logging/config.go:69","msg":"Fetch GitHub commit ID from kodata failed: open /var/run/ko/HEAD: no such file or directory"}
{"level":"info","ts":1587589577.552147,"logger":"fallback-logger","caller":"bash/main.go:64","msg":"Successfully executed command \"sh -c mkdir -p /workspace/source\"; output "}

Showing logs for build [32mcb-kubecd-environment-pr-206-62-8b4gt-1[0m stage [32mfrom-build-pack[0m and container [32mstep-place-tools[0m

Showing logs for build [32mcb-kubecd-environment-pr-206-62-8b4gt-1[0m stage [32mfrom-build-pack[0m and container [32mstep-git-source-cb-kubecd-environment-pr-206-62-8b4gt-8mwb8[0m
{"level":"info","ts":1587589581.7063031,"logger":"fallback-logger","caller":"logging/config.go:69","msg":"Fetch GitHub commit ID from kodata failed: open /var/run/ko/refs/heads/0.8.0-ns-support: no such file or directory"}
{"level":"info","ts":1587589582.7479644,"logger":"fallback-logger","caller":"git/git.go:103","msg":"Successfully cloned https://github.com/cb-kubecd/environment-pr-206-62-boot-gke-staging.git @ master in path /workspace/source"}

Showing logs for build [32mcb-kubecd-environment-pr-206-62-8b4gt-1[0m stage [32mfrom-build-pack[0m and container [32mstep-git-merge[0m
Using SHAs from PULL_REFS=master:c7ae2376a34dd3d4d046c9ca4cd704ee9aba6098,3:b35b4323f1801b3a80a03d9a87a4ac94a902a12c
DEBUG: LC_ALL=C JX_LOG_LEVEL=error git fetch origin --unshallow b35b4323f1801b3a80a03d9a87a4ac94a902a12c: c7ae2376a34dd3d4d046c9ca4cd704ee9aba6098:
DEBUG: ran git fetch --unshallow origin b35b4323f1801b3a80a03d9a87a4ac94a902a12c: c7ae2376a34dd3d4d046c9ca4cd704ee9aba6098: in 
DEBUG: LC_ALL=C JX_LOG_LEVEL=error git branch
DEBUG: LC_ALL=C JX_LOG_LEVEL=error git checkout master
DEBUG: ran git checkout master in 
DEBUG: LC_ALL=C JX_LOG_LEVEL=error git reset --hard c7ae2376a34dd3d4d046c9ca4cd704ee9aba6098
DEBUG: ran git reset --hard c7ae2376a34dd3d4d046c9ca4cd704ee9aba6098 in 
DEBUG: LC_ALL=C JX_LOG_LEVEL=error git clean -fd .
DEBUG: ran clean --force -d . in 
DEBUG: LC_ALL=C JX_LOG_LEVEL=error git merge b35b4323f1801b3a80a03d9a87a4ac94a902a12c
DEBUG: ran git merge b35b4323f1801b3a80a03d9a87a4ac94a902a12c in 
DEBUG: LC_ALL=C JX_LOG_LEVEL=error git log --format=%H%x1f%an%x1f%ae%x1f%cn%x1f%ce%x1f%s%n%b%x1e c7ae2376a34dd3d4d046c9ca4cd704ee9aba6098..HEAD
Merged SHA b35b4323f1801b3a80a03d9a87a4ac94a902a12c with commit message 'chore: Promote bdd-sbhg-1587588560 to version 0.0.1' into base branch master

Showing logs for build [32mcb-kubecd-environment-pr-206-62-8b4gt-1[0m stage [32mfrom-build-pack[0m and container [32mstep-build-helm-build[0m
WARNING: No $CHART_REPOSITORY defined so using the default value of: http://jenkins-x-chartmuseum:8080
Adding missing Helm repo: storage.googleapis.com https://storage.googleapis.com/chartmuseum.jenkins-x.io
WARNING: No secrets found on "helm/repos" due: reading the secret "helm/repos" from vault: no secret "helm/repos" not found in vault
Read credentials for https://storage.googleapis.com/chartmuseum.jenkins-x.io from vault helm/repos
Successfully added Helm repository storage.googleapis.com.
Adding missing Helm repo: jenkins-x-chartmuseum http://jenkins-x-chartmuseum:8080
WARNING: No secrets found on "helm/repos" due: reading the secret "helm/repos" from vault: no secret "helm/repos" not found in vault
Read credentials for http://jenkins-x-chartmuseum:8080 from vault helm/repos
Successfully added Helm repository jenkins-x-chartmuseum.
WARNING: No $CHART_REPOSITORY defined so using the default value of: http://jenkins-x-chartmuseum:8080
Adding missing Helm repo: chartmuseum.jenkins-x.io http://chartmuseum.jenkins-x.io
WARNING: No secrets found on "helm/repos" due: reading the secret "helm/repos" from vault: no secret "helm/repos" not found in vault
Read credentials for http://chartmuseum.jenkins-x.io from vault helm/repos
Successfully added Helm repository chartmuseum.jenkins-x.io.
